TN:
SF:src/modules/order/order-status.ts
FN:168,normalizeOrderStatus
FN:176,normalizeDispatchStatus
FN:188,normalizeFulfillmentStatus
FN:217,isDispatchAccepted
FN:220,isDispatchCompleted
FN:223,deriveOrderStatusFromWorkflowDetailed
FN:228,(anonymous_6)
FN:230,(anonymous_7)
FN:231,(anonymous_8)
FN:232,(anonymous_9)
FN:233,(anonymous_10)
FN:234,(anonymous_11)
FN:235,(anonymous_12)
FN:237,(anonymous_13)
FN:238,(anonymous_14)
FN:239,(anonymous_15)
FN:269,deriveOrderStatusFromWorkflow
FN:272,isValidOrderStatusTransition
FNF:18
FNH:15
FNDA:0,normalizeOrderStatus
FNDA:11,normalizeDispatchStatus
FNDA:10,normalizeFulfillmentStatus
FNDA:3,isDispatchAccepted
FNDA:4,isDispatchCompleted
FNDA:3,deriveOrderStatusFromWorkflowDetailed
FNDA:4,(anonymous_6)
FNDA:3,(anonymous_7)
FNDA:4,(anonymous_8)
FNDA:5,(anonymous_9)
FNDA:5,(anonymous_10)
FNDA:5,(anonymous_11)
FNDA:4,(anonymous_12)
FNDA:5,(anonymous_13)
FNDA:4,(anonymous_14)
FNDA:4,(anonymous_15)
FNDA:0,deriveOrderStatusFromWorkflow
FNDA:0,isValidOrderStatusTransition
DA:2,4
DA:3,4
DA:4,4
DA:5,4
DA:6,4
DA:7,4
DA:8,4
DA:9,4
DA:10,4
DA:11,4
DA:12,4
DA:25,4
DA:32,4
DA:44,4
DA:49,4
DA:53,4
DA:54,4
DA:55,4
DA:65,4
DA:78,4
DA:169,0
DA:170,0
DA:171,0
DA:172,0
DA:173,0
DA:174,0
DA:177,11
DA:178,11
DA:179,0
DA:180,11
DA:181,11
DA:182,0
DA:183,11
DA:184,11
DA:186,0
DA:189,10
DA:190,10
DA:191,1
DA:192,9
DA:193,2
DA:195,7
DA:196,1
DA:197,6
DA:198,1
DA:199,5
DA:200,1
DA:201,4
DA:202,0
DA:203,4
DA:204,0
DA:205,4
DA:206,1
DA:207,3
DA:208,1
DA:209,2
DA:210,1
DA:211,1
DA:212,0
DA:213,1
DA:214,0
DA:215,1
DA:218,3
DA:221,4
DA:224,3
DA:225,3
DA:226,0
DA:228,4
DA:229,3
DA:230,3
DA:231,4
DA:232,5
DA:233,5
DA:234,5
DA:235,4
DA:236,3
DA:237,5
DA:238,4
DA:239,4
DA:240,3
DA:254,3
DA:255,1
DA:256,2
DA:257,1
DA:258,1
DA:259,1
DA:260,0
DA:261,0
DA:262,0
DA:263,0
DA:264,0
DA:265,0
DA:267,0
DA:270,0
DA:273,0
DA:274,0
DA:275,0
DA:276,0
DA:277,0
DA:278,0
LF:99
LH:71
BRDA:169,0,0,0
BRDA:169,0,1,0
BRDA:170,1,0,0
BRDA:170,1,1,0
BRDA:172,2,0,0
BRDA:172,2,1,0
BRDA:177,3,0,11
BRDA:177,3,1,0
BRDA:178,4,0,0
BRDA:178,4,1,11
BRDA:181,5,0,0
BRDA:181,5,1,11
BRDA:183,6,0,11
BRDA:183,6,1,0
BRDA:189,7,0,10
BRDA:189,7,1,1
BRDA:190,8,0,1
BRDA:190,8,1,9
BRDA:192,9,0,2
BRDA:192,9,1,7
BRDA:195,10,0,1
BRDA:195,10,1,6
BRDA:197,11,0,1
BRDA:197,11,1,5
BRDA:199,12,0,1
BRDA:199,12,1,4
BRDA:201,13,0,0
BRDA:201,13,1,4
BRDA:203,14,0,0
BRDA:203,14,1,4
BRDA:205,15,0,1
BRDA:205,15,1,3
BRDA:207,16,0,1
BRDA:207,16,1,2
BRDA:209,17,0,1
BRDA:209,17,1,1
BRDA:211,18,0,0
BRDA:211,18,1,1
BRDA:213,19,0,0
BRDA:213,19,1,1
BRDA:225,20,0,0
BRDA:225,20,1,3
BRDA:233,21,0,5
BRDA:233,21,1,5
BRDA:235,22,0,3
BRDA:235,22,1,3
BRDA:236,23,0,3
BRDA:236,23,1,3
BRDA:237,24,0,5
BRDA:237,24,1,4
BRDA:238,25,0,4
BRDA:238,25,1,4
BRDA:254,26,0,1
BRDA:254,26,1,2
BRDA:256,27,0,1
BRDA:256,27,1,1
BRDA:256,28,0,2
BRDA:256,28,1,1
BRDA:258,29,0,1
BRDA:258,29,1,0
BRDA:260,30,0,0
BRDA:260,30,1,0
BRDA:260,31,0,0
BRDA:260,31,1,0
BRDA:262,32,0,0
BRDA:262,32,1,0
BRDA:262,33,0,0
BRDA:262,33,1,0
BRDA:262,33,2,0
BRDA:263,34,0,0
BRDA:263,34,1,0
BRDA:263,35,0,0
BRDA:263,35,1,0
BRDA:275,36,0,0
BRDA:275,36,1,0
BRDA:275,37,0,0
BRDA:275,37,1,0
BRDA:277,38,0,0
BRDA:277,38,1,0
BRF:79
BRH:44
end_of_record
TN:
SF:src/modules/order/order.controller.ts
FN:2,(anonymous_0)
FN:8,(anonymous_1)
FN:11,(anonymous_2)
FN:12,(anonymous_3)
FN:22,(anonymous_4)
FN:26,(anonymous_5)
FN:36,(anonymous_6)
FN:42,(anonymous_7)
FN:55,(anonymous_8)
FN:60,(anonymous_9)
FN:66,(anonymous_10)
FN:73,(anonymous_11)
FN:79,(anonymous_12)
FN:85,(anonymous_13)
FN:91,(anonymous_14)
FN:100,(anonymous_15)
FN:109,(anonymous_16)
FN:115,(anonymous_17)
FN:124,(anonymous_18)
FN:133,(anonymous_19)
FNF:20
FNH:0
FNDA:0,(anonymous_0)
FNDA:0,(anonymous_1)
FNDA:0,(anonymous_2)
FNDA:0,(anonymous_3)
FNDA:0,(anonymous_4)
FNDA:0,(anonymous_5)
FNDA:0,(anonymous_6)
FNDA:0,(anonymous_7)
FNDA:0,(anonymous_8)
FNDA:0,(anonymous_9)
FNDA:0,(anonymous_10)
FNDA:0,(anonymous_11)
FNDA:0,(anonymous_12)
FNDA:0,(anonymous_13)
FNDA:0,(anonymous_14)
FNDA:0,(anonymous_15)
FNDA:0,(anonymous_16)
FNDA:0,(anonymous_17)
FNDA:0,(anonymous_18)
FNDA:0,(anonymous_19)
DA:2,0
DA:3,0
DA:4,0
DA:5,0
DA:6,0
DA:8,0
DA:9,0
DA:11,0
DA:12,0
DA:14,0
DA:15,0
DA:17,0
DA:18,0
DA:19,0
DA:20,0
DA:21,0
DA:23,0
DA:24,0
DA:27,0
DA:28,0
DA:29,0
DA:30,0
DA:37,0
DA:38,0
DA:39,0
DA:40,0
DA:43,0
DA:44,0
DA:45,0
DA:46,0
DA:47,0
DA:49,0
DA:50,0
DA:52,0
DA:53,0
DA:56,0
DA:57,0
DA:58,0
DA:61,0
DA:62,0
DA:63,0
DA:64,0
DA:67,0
DA:68,0
DA:69,0
DA:70,0
DA:71,0
DA:74,0
DA:75,0
DA:76,0
DA:77,0
DA:80,0
DA:81,0
DA:82,0
DA:83,0
DA:86,0
DA:87,0
DA:88,0
DA:89,0
DA:92,0
DA:93,0
DA:94,0
DA:95,0
DA:97,0
DA:98,0
DA:101,0
DA:102,0
DA:103,0
DA:105,0
DA:106,0
DA:107,0
DA:110,0
DA:111,0
DA:112,0
DA:113,0
DA:116,0
DA:117,0
DA:118,0
DA:125,0
DA:126,0
DA:127,0
DA:134,0
DA:135,0
DA:136,0
DA:137,0
DA:139,0
DA:140,0
DA:141,0
DA:144,0
DA:145,0
DA:146,0
DA:147,0
DA:151,0
DA:152,0
DA:160,0
DA:169,0
DA:178,0
DA:188,0
DA:195,0
DA:203,0
DA:211,0
DA:219,0
DA:227,0
DA:237,0
DA:246,0
DA:255,0
DA:263,0
DA:271,0
DA:280,0
LF:109
LH:0
BRDA:2,0,0,0
BRDA:2,0,1,0
BRDA:2,0,2,0
BRDA:3,1,0,0
BRDA:3,1,1,0
BRDA:3,2,0,0
BRDA:3,2,1,0
BRDA:4,3,0,0
BRDA:4,3,1,0
BRDA:4,4,0,0
BRDA:4,4,1,0
BRDA:5,5,0,0
BRDA:5,5,1,0
BRDA:5,6,0,0
BRDA:5,6,1,0
BRDA:5,7,0,0
BRDA:5,7,1,0
BRDA:5,8,0,0
BRDA:5,8,1,0
BRDA:6,9,0,0
BRDA:6,9,1,0
BRDA:6,9,2,0
BRDA:8,10,0,0
BRDA:8,10,1,0
BRDA:8,10,2,0
BRDA:9,11,0,0
BRDA:9,11,1,0
BRDA:9,12,0,0
BRDA:9,12,1,0
BRDA:11,13,0,0
BRDA:11,13,1,0
BRDA:11,13,2,0
BRDA:33,14,0,0
BRDA:33,14,1,0
BRDA:46,15,0,0
BRDA:46,15,1,0
BRDA:49,16,0,0
BRDA:49,16,1,0
BRDA:57,17,0,0
BRDA:57,17,1,0
BRDA:57,18,0,0
BRDA:57,18,1,0
BRDA:63,19,0,0
BRDA:63,19,1,0
BRDA:94,20,0,0
BRDA:94,20,1,0
BRDA:94,21,0,0
BRDA:94,21,1,0
BRDA:102,22,0,0
BRDA:102,22,1,0
BRDA:117,23,0,0
BRDA:117,23,1,0
BRDA:126,24,0,0
BRDA:126,24,1,0
BRDA:136,25,0,0
BRDA:136,25,1,0
BRDA:144,26,0,0
BRDA:144,26,1,0
BRDA:147,27,0,0
BRDA:147,27,1,0
BRF:60
BRH:0
end_of_record
TN:
SF:src/modules/order/order.service.ts
FN:2,(anonymous_0)
FN:8,(anonymous_1)
FN:11,(anonymous_2)
FN:12,(anonymous_3)
FN:32,(anonymous_4)
FN:40,(anonymous_5)
FN:55,(anonymous_6)
FN:63,(anonymous_7)
FN:68,(anonymous_8)
FN:77,(anonymous_9)
FN:82,(anonymous_10)
FN:83,(anonymous_11)
FN:86,(anonymous_12)
FN:122,(anonymous_13)
FN:125,(anonymous_14)
FN:129,(anonymous_15)
FN:172,(anonymous_16)
FN:173,(anonymous_17)
FN:178,(anonymous_18)
FN:188,(anonymous_19)
FN:223,(anonymous_20)
FN:236,(anonymous_21)
FN:266,(anonymous_22)
FN:300,(anonymous_23)
FN:301,(anonymous_24)
FN:302,(anonymous_25)
FN:303,(anonymous_26)
FN:306,(anonymous_27)
FN:380,(anonymous_28)
FN:391,(anonymous_29)
FN:394,(anonymous_30)
FN:404,(anonymous_31)
FN:446,(anonymous_32)
FN:465,(anonymous_33)
FN:528,(anonymous_34)
FN:542,(anonymous_35)
FN:590,(anonymous_36)
FN:596,(anonymous_37)
FN:692,(anonymous_38)
FN:713,(anonymous_39)
FN:729,(anonymous_40)
FN:740,(anonymous_41)
FN:760,(anonymous_42)
FN:773,(anonymous_43)
FN:802,(anonymous_44)
FN:808,(anonymous_45)
FN:818,(anonymous_46)
FN:826,(anonymous_47)
FN:834,(anonymous_48)
FN:854,(anonymous_49)
FN:865,(anonymous_50)
FN:900,(anonymous_51)
FN:921,(anonymous_52)
FN:956,(anonymous_53)
FN:972,(anonymous_54)
FN:1030,(anonymous_55)
FN:1062,(anonymous_56)
FN:1077,(anonymous_57)
FN:1113,(anonymous_58)
FN:1121,(anonymous_59)
FN:1127,(anonymous_60)
FN:1172,(anonymous_61)
FN:1203,(anonymous_62)
FN:1204,(anonymous_63)
FNF:64
FNH:4
FNDA:3,(anonymous_0)
FNDA:3,(anonymous_1)
FNDA:12,(anonymous_2)
FNDA:12,(anonymous_3)
FNDA:0,(anonymous_4)
FNDA:0,(anonymous_5)
FNDA:0,(anonymous_6)
FNDA:0,(anonymous_7)
FNDA:0,(anonymous_8)
FNDA:0,(anonymous_9)
FNDA:0,(anonymous_10)
FNDA:0,(anonymous_11)
FNDA:0,(anonymous_12)
FNDA:0,(anonymous_13)
FNDA:0,(anonymous_14)
FNDA:0,(anonymous_15)
FNDA:0,(anonymous_16)
FNDA:0,(anonymous_17)
FNDA:0,(anonymous_18)
FNDA:0,(anonymous_19)
FNDA:0,(anonymous_20)
FNDA:0,(anonymous_21)
FNDA:0,(anonymous_22)
FNDA:0,(anonymous_23)
FNDA:0,(anonymous_24)
FNDA:0,(anonymous_25)
FNDA:0,(anonymous_26)
FNDA:0,(anonymous_27)
FNDA:0,(anonymous_28)
FNDA:0,(anonymous_29)
FNDA:0,(anonymous_30)
FNDA:0,(anonymous_31)
FNDA:0,(anonymous_32)
FNDA:0,(anonymous_33)
FNDA:0,(anonymous_34)
FNDA:0,(anonymous_35)
FNDA:0,(anonymous_36)
FNDA:0,(anonymous_37)
FNDA:0,(anonymous_38)
FNDA:0,(anonymous_39)
FNDA:0,(anonymous_40)
FNDA:0,(anonymous_41)
FNDA:0,(anonymous_42)
FNDA:0,(anonymous_43)
FNDA:0,(anonymous_44)
FNDA:0,(anonymous_45)
FNDA:0,(anonymous_46)
FNDA:0,(anonymous_47)
FNDA:0,(anonymous_48)
FNDA:0,(anonymous_49)
FNDA:0,(anonymous_50)
FNDA:0,(anonymous_51)
FNDA:0,(anonymous_52)
FNDA:0,(anonymous_53)
FNDA:0,(anonymous_54)
FNDA:0,(anonymous_55)
FNDA:0,(anonymous_56)
FNDA:0,(anonymous_57)
FNDA:0,(anonymous_58)
FNDA:0,(anonymous_59)
FNDA:0,(anonymous_60)
FNDA:0,(anonymous_61)
FNDA:0,(anonymous_62)
FNDA:0,(anonymous_63)
DA:2,3
DA:3,3
DA:4,3
DA:5,0
DA:6,3
DA:8,3
DA:9,3
DA:11,3
DA:12,12
DA:14,3
DA:15,3
DA:17,3
DA:18,3
DA:19,3
DA:20,3
DA:21,3
DA:22,3
DA:23,3
DA:24,3
DA:31,3
DA:33,0
DA:34,0
DA:35,0
DA:36,0
DA:37,0
DA:38,0
DA:41,0
DA:42,0
DA:43,0
DA:44,0
DA:45,0
DA:46,0
DA:47,0
DA:50,0
DA:53,0
DA:56,0
DA:57,0
DA:58,0
DA:59,0
DA:60,0
DA:63,0
DA:64,0
DA:65,0
DA:66,0
DA:69,0
DA:70,0
DA:71,0
DA:72,0
DA:73,0
DA:74,0
DA:78,0
DA:79,0
DA:80,0
DA:81,0
DA:82,0
DA:83,0
DA:84,0
DA:85,0
DA:86,0
DA:87,0
DA:88,0
DA:89,0
DA:90,0
DA:91,0
DA:92,0
DA:93,0
DA:98,0
DA:102,0
DA:103,0
DA:104,0
DA:105,0
DA:106,0
DA:108,0
DA:109,0
DA:110,0
DA:112,0
DA:114,0
DA:115,0
DA:119,0
DA:123,0
DA:126,0
DA:127,0
DA:128,0
DA:129,0
DA:130,0
DA:131,0
DA:132,0
DA:134,0
DA:139,0
DA:140,0
DA:141,0
DA:142,0
DA:144,0
DA:167,0
DA:168,0
DA:170,0
DA:171,0
DA:172,0
DA:173,0
DA:174,0
DA:175,0
DA:177,0
DA:178,0
DA:179,0
DA:180,0
DA:188,0
DA:191,0
DA:194,0
DA:195,0
DA:196,0
DA:197,0
DA:198,0
DA:206,0
DA:215,0
DA:218,0
DA:221,0
DA:224,0
DA:225,0
DA:231,0
DA:232,0
DA:235,0
DA:236,0
DA:237,0
DA:238,0
DA:239,0
DA:240,0
DA:241,0
DA:242,0
DA:245,0
DA:251,0
DA:252,0
DA:253,0
DA:254,0
DA:257,0
DA:259,0
DA:260,0
DA:261,0
DA:262,0
DA:263,0
DA:266,0
DA:267,0
DA:268,0
DA:269,0
DA:272,0
DA:293,0
DA:294,0
DA:295,0
DA:296,0
DA:297,0
DA:298,0
DA:300,0
DA:301,0
DA:302,0
DA:303,0
DA:306,0
DA:315,0
DA:316,0
DA:317,0
DA:318,0
DA:323,0
DA:326,0
DA:327,0
DA:328,0
DA:329,0
DA:330,0
DA:331,0
DA:332,0
DA:333,0
DA:381,0
DA:382,0
DA:383,0
DA:384,0
DA:385,0
DA:386,0
DA:388,0
DA:391,0
DA:392,0
DA:393,0
DA:394,0
DA:395,0
DA:396,0
DA:398,0
DA:402,0
DA:403,0
DA:404,0
DA:405,0
DA:412,0
DA:413,0
DA:414,0
DA:415,0
DA:416,0
DA:417,0
DA:418,0
DA:422,0
DA:424,0
DA:425,0
DA:426,0
DA:427,0
DA:428,0
DA:431,0
DA:444,0
DA:445,0
DA:446,0
DA:447,0
DA:455,0
DA:456,0
DA:465,0
DA:466,0
DA:467,0
DA:468,0
DA:469,0
DA:472,0
DA:475,0
DA:476,0
DA:477,0
DA:478,0
DA:481,0
DA:484,0
DA:485,0
DA:486,0
DA:487,0
DA:489,0
DA:490,0
DA:491,0
DA:492,0
DA:493,0
DA:497,0
DA:501,0
DA:502,0
DA:504,0
DA:505,0
DA:506,0
DA:507,0
DA:508,0
DA:529,0
DA:530,0
DA:537,0
DA:538,0
DA:540,0
DA:543,0
DA:544,0
DA:573,0
DA:574,0
DA:575,0
DA:576,0
DA:577,0
DA:578,0
DA:579,0
DA:581,0
DA:582,0
DA:585,0
DA:588,0
DA:589,0
DA:590,0
DA:591,0
DA:592,0
DA:594,0
DA:597,0
DA:598,0
DA:599,0
DA:602,0
DA:605,0
DA:606,0
DA:607,0
DA:608,0
DA:609,0
DA:610,0
DA:611,0
DA:612,0
DA:614,0
DA:615,0
DA:622,0
DA:675,0
DA:690,0
DA:692,0
DA:693,0
DA:694,0
DA:695,0
DA:714,0
DA:715,0
DA:716,0
DA:729,0
DA:733,0
DA:741,0
DA:742,0
DA:747,0
DA:748,0
DA:749,0
DA:751,0
DA:761,0
DA:762,0
DA:767,0
DA:768,0
DA:774,0
DA:775,0
DA:776,0
DA:777,0
DA:779,0
DA:780,0
DA:781,0
DA:782,0
DA:784,0
DA:785,0
DA:787,0
DA:788,0
DA:789,0
DA:792,0
DA:796,0
DA:797,0
DA:799,0
DA:800,0
DA:802,0
DA:803,0
DA:804,0
DA:805,0
DA:806,0
DA:809,0
DA:810,0
DA:811,0
DA:813,0
DA:814,0
DA:816,0
DA:819,0
DA:820,0
DA:821,0
DA:822,0
DA:824,0
DA:827,0
DA:828,0
DA:831,0
DA:832,0
DA:835,0
DA:836,0
DA:837,0
DA:838,0
DA:840,0
DA:841,0
DA:842,0
DA:844,0
DA:845,0
DA:846,0
DA:847,0
DA:850,0
DA:854,0
DA:855,0
DA:856,0
DA:857,0
DA:858,0
DA:860,0
DA:866,0
DA:867,0
DA:868,0
DA:870,0
DA:871,0
DA:874,0
DA:875,0
DA:876,0
DA:879,0
DA:880,0
DA:883,0
DA:884,0
DA:885,0
DA:886,0
DA:888,0
DA:890,0
DA:894,0
DA:895,0
DA:901,0
DA:902,0
DA:903,0
DA:905,0
DA:906,0
DA:908,0
DA:909,0
DA:910,0
DA:912,0
DA:913,0
DA:914,0
DA:915,0
DA:916,0
DA:917,0
DA:918,0
DA:919,0
DA:922,0
DA:923,0
DA:924,0
DA:925,0
DA:927,0
DA:928,0
DA:932,0
DA:935,0
DA:942,0
DA:943,0
DA:944,0
DA:945,0
DA:946,0
DA:950,0
DA:954,0
DA:957,0
DA:958,0
DA:959,0
DA:961,0
DA:973,0
DA:974,0
DA:975,0
DA:978,0
DA:979,0
DA:980,0
DA:982,0
DA:983,0
DA:985,0
DA:986,0
DA:988,0
DA:989,0
DA:990,0
DA:993,0
DA:994,0
DA:995,0
DA:996,0
DA:997,0
DA:998,0
DA:999,0
DA:1000,0
DA:1003,0
DA:1009,0
DA:1012,0
DA:1020,0
DA:1031,0
DA:1032,0
DA:1033,0
DA:1034,0
DA:1035,0
DA:1036,0
DA:1037,0
DA:1039,0
DA:1052,0
DA:1054,0
DA:1063,0
DA:1064,0
DA:1065,0
DA:1066,0
DA:1067,0
DA:1068,0
DA:1069,0
DA:1073,0
DA:1074,0
DA:1075,0
DA:1077,0
DA:1078,0
DA:1085,0
DA:1086,0
DA:1088,0
DA:1089,0
DA:1090,0
DA:1091,0
DA:1092,0
DA:1097,0
DA:1098,0
DA:1099,0
DA:1100,0
DA:1101,0
DA:1102,0
DA:1103,0
DA:1104,0
DA:1105,0
DA:1106,0
DA:1107,0
DA:1109,0
DA:1110,0
DA:1111,0
DA:1112,0
DA:1113,0
DA:1114,0
DA:1115,0
DA:1117,0
DA:1118,0
DA:1119,0
DA:1122,0
DA:1123,0
DA:1124,0
DA:1125,0
DA:1126,0
DA:1127,0
DA:1128,0
DA:1135,0
DA:1136,0
DA:1138,0
DA:1139,0
DA:1140,0
DA:1141,0
DA:1142,0
DA:1143,0
DA:1148,0
DA:1149,0
DA:1150,0
DA:1151,0
DA:1152,0
DA:1153,0
DA:1154,0
DA:1155,0
DA:1156,0
DA:1157,0
DA:1159,0
DA:1160,0
DA:1161,0
DA:1162,0
DA:1163,0
DA:1164,0
DA:1165,0
DA:1166,0
DA:1167,0
DA:1170,0
DA:1173,0
DA:1174,0
DA:1175,0
DA:1176,0
DA:1178,0
DA:1179,0
DA:1181,0
DA:1183,0
DA:1195,0
DA:1198,3
DA:1199,3
DA:1203,0
DA:1204,0
LF:525
LH:21
BRDA:2,0,0,3
BRDA:2,0,1,3
BRDA:2,0,2,3
BRDA:3,1,0,3
BRDA:3,1,1,0
BRDA:3,2,0,0
BRDA:3,2,1,0
BRDA:4,3,0,3
BRDA:4,3,1,0
BRDA:4,4,0,3
BRDA:4,4,1,3
BRDA:5,5,0,0
BRDA:5,5,1,0
BRDA:5,6,0,0
BRDA:5,6,1,0
BRDA:5,7,0,0
BRDA:5,7,1,0
BRDA:5,8,0,0
BRDA:5,8,1,0
BRDA:6,9,0,3
BRDA:6,9,1,0
BRDA:6,9,2,0
BRDA:8,10,0,3
BRDA:8,10,1,3
BRDA:8,10,2,3
BRDA:9,11,0,3
BRDA:9,11,1,0
BRDA:9,12,0,3
BRDA:9,12,1,3
BRDA:11,13,0,3
BRDA:11,13,1,3
BRDA:11,13,2,3
BRDA:41,14,0,0
BRDA:41,14,1,0
BRDA:41,15,0,0
BRDA:41,15,1,0
BRDA:43,16,0,0
BRDA:43,16,1,0
BRDA:45,17,0,0
BRDA:45,17,1,0
BRDA:57,18,0,0
BRDA:57,18,1,0
BRDA:57,19,0,0
BRDA:57,19,1,0
BRDA:63,20,0,0
BRDA:63,20,1,0
BRDA:63,21,0,0
BRDA:63,21,1,0
BRDA:63,21,2,0
BRDA:70,22,0,0
BRDA:70,22,1,0
BRDA:72,23,0,0
BRDA:72,23,1,0
BRDA:72,24,0,0
BRDA:72,24,1,0
BRDA:82,25,0,0
BRDA:82,25,1,0
BRDA:83,26,0,0
BRDA:83,26,1,0
BRDA:84,27,0,0
BRDA:84,27,1,0
BRDA:88,28,0,0
BRDA:88,28,1,0
BRDA:93,29,0,0
BRDA:93,29,1,0
BRDA:93,30,0,0
BRDA:93,30,1,0
BRDA:95,31,0,0
BRDA:95,31,1,0
BRDA:95,32,0,0
BRDA:95,32,1,0
BRDA:104,33,0,0
BRDA:104,33,1,0
BRDA:108,34,0,0
BRDA:108,34,1,0
BRDA:108,35,0,0
BRDA:108,35,1,0
BRDA:112,36,0,0
BRDA:112,36,1,0
BRDA:112,36,2,0
BRDA:114,37,0,0
BRDA:114,37,1,0
BRDA:130,38,0,0
BRDA:130,38,1,0
BRDA:130,38,2,0
BRDA:130,38,3,0
BRDA:132,39,0,0
BRDA:132,39,1,0
BRDA:132,40,0,0
BRDA:132,40,1,0
BRDA:139,41,0,0
BRDA:139,41,1,0
BRDA:140,42,0,0
BRDA:140,42,1,0
BRDA:140,42,2,0
BRDA:140,42,3,0
BRDA:148,43,0,0
BRDA:148,43,1,0
BRDA:149,44,0,0
BRDA:149,44,1,0
BRDA:149,44,2,0
BRDA:150,45,0,0
BRDA:150,45,1,0
BRDA:151,46,0,0
BRDA:151,46,1,0
BRDA:156,47,0,0
BRDA:156,47,1,0
BRDA:156,47,2,0
BRDA:158,48,0,0
BRDA:158,48,1,0
BRDA:158,48,2,0
BRDA:160,49,0,0
BRDA:160,49,1,0
BRDA:160,49,2,0
BRDA:161,50,0,0
BRDA:161,50,1,0
BRDA:161,50,2,0
BRDA:167,51,0,0
BRDA:167,51,1,0
BRDA:187,52,0,0
BRDA:187,52,1,0
BRDA:196,53,0,0
BRDA:196,53,1,0
BRDA:196,54,0,0
BRDA:196,54,1,0
BRDA:202,55,0,0
BRDA:202,55,1,0
BRDA:231,56,0,0
BRDA:231,56,1,0
BRDA:231,57,0,0
BRDA:231,57,1,0
BRDA:237,58,0,0
BRDA:237,58,1,0
BRDA:239,59,0,0
BRDA:239,59,1,0
BRDA:242,60,0,0
BRDA:242,60,1,0
BRDA:260,61,0,0
BRDA:260,61,1,0
BRDA:262,62,0,0
BRDA:262,62,1,0
BRDA:262,63,0,0
BRDA:262,63,1,0
BRDA:266,64,0,0
BRDA:266,64,1,0
BRDA:269,65,0,0
BRDA:269,65,1,0
BRDA:274,66,0,0
BRDA:274,66,1,0
BRDA:276,67,0,0
BRDA:276,67,1,0
BRDA:277,68,0,0
BRDA:277,68,1,0
BRDA:279,69,0,0
BRDA:279,69,1,0
BRDA:282,70,0,0
BRDA:282,70,1,0
BRDA:283,71,0,0
BRDA:283,71,1,0
BRDA:284,72,0,0
BRDA:284,72,1,0
BRDA:284,72,2,0
BRDA:285,73,0,0
BRDA:285,73,1,0
BRDA:290,74,0,0
BRDA:290,74,1,0
BRDA:315,75,0,0
BRDA:315,75,1,0
BRDA:318,76,0,0
BRDA:318,76,1,0
BRDA:318,77,0,0
BRDA:318,77,1,0
BRDA:320,78,0,0
BRDA:320,78,1,0
BRDA:320,79,0,0
BRDA:320,79,1,0
BRDA:323,80,0,0
BRDA:323,80,1,0
BRDA:323,81,0,0
BRDA:323,81,1,0
BRDA:335,82,0,0
BRDA:335,82,1,0
BRDA:336,83,0,0
BRDA:336,83,1,0
BRDA:348,84,0,0
BRDA:348,84,1,0
BRDA:350,85,0,0
BRDA:350,85,1,0
BRDA:351,86,0,0
BRDA:351,86,1,0
BRDA:352,87,0,0
BRDA:352,87,1,0
BRDA:353,88,0,0
BRDA:353,88,1,0
BRDA:354,89,0,0
BRDA:354,89,1,0
BRDA:355,90,0,0
BRDA:355,90,1,0
BRDA:356,91,0,0
BRDA:356,91,1,0
BRDA:363,92,0,0
BRDA:363,92,1,0
BRDA:364,93,0,0
BRDA:364,93,1,0
BRDA:366,94,0,0
BRDA:366,94,1,0
BRDA:368,95,0,0
BRDA:368,95,1,0
BRDA:369,96,0,0
BRDA:369,96,1,0
BRDA:370,97,0,0
BRDA:370,97,1,0
BRDA:371,98,0,0
BRDA:371,98,1,0
BRDA:372,99,0,0
BRDA:372,99,1,0
BRDA:380,100,0,0
BRDA:384,101,0,0
BRDA:384,101,1,0
BRDA:391,102,0,0
BRDA:391,102,1,0
BRDA:393,103,0,0
BRDA:393,103,1,0
BRDA:403,104,0,0
BRDA:403,104,1,0
BRDA:415,105,0,0
BRDA:415,105,1,0
BRDA:417,106,0,0
BRDA:417,106,1,0
BRDA:424,107,0,0
BRDA:424,107,1,0
BRDA:425,108,0,0
BRDA:425,108,1,0
BRDA:428,109,0,0
BRDA:428,109,1,0
BRDA:437,110,0,0
BRDA:437,110,1,0
BRDA:445,111,0,0
BRDA:445,111,1,0
BRDA:455,112,0,0
BRDA:455,112,1,0
BRDA:465,113,0,0
BRDA:465,113,1,0
BRDA:467,114,0,0
BRDA:467,114,1,0
BRDA:476,115,0,0
BRDA:476,115,1,0
BRDA:485,116,0,0
BRDA:485,116,1,0
BRDA:486,117,0,0
BRDA:486,117,1,0
BRDA:489,118,0,0
BRDA:489,118,1,0
BRDA:489,119,0,0
BRDA:489,119,1,0
BRDA:492,120,0,0
BRDA:492,120,1,0
BRDA:501,121,0,0
BRDA:501,121,1,0
BRDA:501,122,0,0
BRDA:501,122,1,0
BRDA:501,122,2,0
BRDA:504,123,0,0
BRDA:504,123,1,0
BRDA:505,124,0,0
BRDA:505,124,1,0
BRDA:505,124,2,0
BRDA:506,125,0,0
BRDA:506,125,1,0
BRDA:507,126,0,0
BRDA:507,126,1,0
BRDA:520,127,0,0
BRDA:520,127,1,0
BRDA:523,128,0,0
BRDA:523,128,1,0
BRDA:524,129,0,0
BRDA:524,129,1,0
BRDA:537,130,0,0
BRDA:537,130,1,0
BRDA:537,131,0,0
BRDA:537,131,1,0
BRDA:574,132,0,0
BRDA:574,132,1,0
BRDA:576,133,0,0
BRDA:576,133,1,0
BRDA:578,134,0,0
BRDA:578,134,1,0
BRDA:579,135,0,0
BRDA:579,135,1,0
BRDA:581,136,0,0
BRDA:581,136,1,0
BRDA:581,137,0,0
BRDA:581,137,1,0
BRDA:582,138,0,0
BRDA:582,138,1,0
BRDA:582,139,0,0
BRDA:582,139,1,0
BRDA:588,140,0,0
BRDA:588,140,1,0
BRDA:596,141,0,0
BRDA:596,142,0,0
BRDA:599,143,0,0
BRDA:599,143,1,0
BRDA:602,144,0,0
BRDA:602,144,1,0
BRDA:604,145,0,0
BRDA:604,145,1,0
BRDA:605,146,0,0
BRDA:605,146,1,0
BRDA:605,147,0,0
BRDA:605,147,1,0
BRDA:606,148,0,0
BRDA:606,148,1,0
BRDA:606,149,0,0
BRDA:606,149,1,0
BRDA:610,150,0,0
BRDA:610,150,1,0
BRDA:610,151,0,0
BRDA:610,151,1,0
BRDA:674,152,0,0
BRDA:674,152,1,0
BRDA:674,153,0,0
BRDA:674,153,1,0
BRDA:689,154,0,0
BRDA:689,154,1,0
BRDA:690,155,0,0
BRDA:690,155,1,0
BRDA:692,156,0,0
BRDA:692,156,1,0
BRDA:694,157,0,0
BRDA:694,157,1,0
BRDA:694,157,2,0
BRDA:694,157,3,0
BRDA:697,158,0,0
BRDA:697,158,1,0
BRDA:698,159,0,0
BRDA:698,159,1,0
BRDA:700,160,0,0
BRDA:700,160,1,0
BRDA:701,161,0,0
BRDA:701,161,1,0
BRDA:706,162,0,0
BRDA:706,162,1,0
BRDA:706,162,2,0
BRDA:707,163,0,0
BRDA:707,163,1,0
BRDA:708,164,0,0
BRDA:708,164,1,0
BRDA:709,165,0,0
BRDA:709,165,1,0
BRDA:709,165,2,0
BRDA:710,166,0,0
BRDA:710,166,1,0
BRDA:711,167,0,0
BRDA:711,167,1,0
BRDA:711,167,2,0
BRDA:714,168,0,0
BRDA:714,168,1,0
BRDA:714,168,2,0
BRDA:714,168,3,0
BRDA:714,168,4,0
BRDA:716,169,0,0
BRDA:716,169,1,0
BRDA:716,170,0,0
BRDA:716,170,1,0
BRDA:718,171,0,0
BRDA:718,171,1,0
BRDA:718,171,2,0
BRDA:719,172,0,0
BRDA:719,172,1,0
BRDA:719,172,2,0
BRDA:720,173,0,0
BRDA:720,173,1,0
BRDA:720,173,2,0
BRDA:721,174,0,0
BRDA:721,174,1,0
BRDA:721,174,2,0
BRDA:722,175,0,0
BRDA:722,175,1,0
BRDA:722,175,2,0
BRDA:723,176,0,0
BRDA:723,176,1,0
BRDA:723,176,2,0
BRDA:724,177,0,0
BRDA:724,177,1,0
BRDA:724,177,2,0
BRDA:725,178,0,0
BRDA:725,178,1,0
BRDA:725,178,2,0
BRDA:726,179,0,0
BRDA:726,179,1,0
BRDA:726,179,2,0
BRDA:727,180,0,0
BRDA:727,180,1,0
BRDA:727,180,2,0
BRDA:729,181,0,0
BRDA:729,181,1,0
BRDA:748,182,0,0
BRDA:748,182,1,0
BRDA:767,183,0,0
BRDA:767,183,1,0
BRDA:769,184,0,0
BRDA:769,184,1,0
BRDA:770,185,0,0
BRDA:770,185,1,0
BRDA:776,186,0,0
BRDA:776,186,1,0
BRDA:781,187,0,0
BRDA:781,187,1,0
BRDA:784,188,0,0
BRDA:784,188,1,0
BRDA:787,189,0,0
BRDA:787,189,1,0
BRDA:788,190,0,0
BRDA:788,190,1,0
BRDA:788,191,0,0
BRDA:788,191,1,0
BRDA:789,192,0,0
BRDA:789,192,1,0
BRDA:796,193,0,0
BRDA:796,193,1,0
BRDA:799,194,0,0
BRDA:799,194,1,0
BRDA:810,195,0,0
BRDA:810,195,1,0
BRDA:813,196,0,0
BRDA:813,196,1,0
BRDA:821,197,0,0
BRDA:821,197,1,0
BRDA:827,198,0,0
BRDA:827,198,1,0
BRDA:837,199,0,0
BRDA:837,199,1,0
BRDA:841,200,0,0
BRDA:841,200,1,0
BRDA:845,201,0,0
BRDA:845,201,1,0
BRDA:845,202,0,0
BRDA:845,202,1,0
BRDA:846,203,0,0
BRDA:846,203,1,0
BRDA:846,204,0,0
BRDA:846,204,1,0
BRDA:847,205,0,0
BRDA:847,205,1,0
BRDA:851,206,0,0
BRDA:851,206,1,0
BRDA:857,207,0,0
BRDA:857,207,1,0
BRDA:867,208,0,0
BRDA:867,208,1,0
BRDA:870,209,0,0
BRDA:870,209,1,0
BRDA:875,210,0,0
BRDA:875,210,1,0
BRDA:879,211,0,0
BRDA:879,211,1,0
BRDA:885,212,0,0
BRDA:885,212,1,0
BRDA:902,213,0,0
BRDA:902,213,1,0
BRDA:905,214,0,0
BRDA:905,214,1,0
BRDA:909,215,0,0
BRDA:909,215,1,0
BRDA:924,216,0,0
BRDA:924,216,1,0
BRDA:927,217,0,0
BRDA:927,217,1,0
BRDA:944,218,0,0
BRDA:944,218,1,0
BRDA:944,218,2,0
BRDA:945,219,0,0
BRDA:945,219,1,0
BRDA:946,220,0,0
BRDA:946,220,1,0
BRDA:950,221,0,0
BRDA:950,221,1,0
BRDA:958,222,0,0
BRDA:958,222,1,0
BRDA:974,223,0,0
BRDA:974,223,1,0
BRDA:978,224,0,0
BRDA:978,224,1,0
BRDA:982,225,0,0
BRDA:982,225,1,0
BRDA:985,226,0,0
BRDA:985,226,1,0
BRDA:988,227,0,0
BRDA:988,227,1,0
BRDA:989,228,0,0
BRDA:989,228,1,0
BRDA:996,229,0,0
BRDA:996,229,1,0
BRDA:996,230,0,0
BRDA:996,230,1,0
BRDA:999,231,0,0
BRDA:999,231,1,0
BRDA:1000,232,0,0
BRDA:1000,232,1,0
BRDA:1016,233,0,0
BRDA:1016,233,1,0
BRDA:1032,234,0,0
BRDA:1032,234,1,0
BRDA:1035,235,0,0
BRDA:1035,235,1,0
BRDA:1052,236,0,0
BRDA:1052,236,1,0
BRDA:1064,237,0,0
BRDA:1064,237,1,0
BRDA:1064,238,0,0
BRDA:1064,238,1,0
BRDA:1066,239,0,0
BRDA:1066,239,1,0
BRDA:1066,240,0,0
BRDA:1066,240,1,0
BRDA:1066,240,2,0
BRDA:1073,241,0,0
BRDA:1073,241,1,0
BRDA:1078,242,0,0
BRDA:1078,242,1,0
BRDA:1078,242,2,0
BRDA:1078,242,3,0
BRDA:1078,242,4,0
BRDA:1078,242,5,0
BRDA:1078,242,6,0
BRDA:1086,243,0,0
BRDA:1086,243,1,0
BRDA:1086,244,0,0
BRDA:1086,244,1,0
BRDA:1088,245,0,0
BRDA:1088,245,1,0
BRDA:1090,246,0,0
BRDA:1090,246,1,0
BRDA:1098,247,0,0
BRDA:1098,247,1,0
BRDA:1099,248,0,0
BRDA:1099,248,1,0
BRDA:1100,249,0,0
BRDA:1100,249,1,0
BRDA:1101,250,0,0
BRDA:1101,250,1,0
BRDA:1101,251,0,0
BRDA:1101,251,1,0
BRDA:1103,252,0,0
BRDA:1103,252,1,0
BRDA:1106,253,0,0
BRDA:1106,253,1,0
BRDA:1114,254,0,0
BRDA:1114,254,1,0
BRDA:1123,255,0,0
BRDA:1123,255,1,0
BRDA:1125,256,0,0
BRDA:1125,256,1,0
BRDA:1125,257,0,0
BRDA:1125,257,1,0
BRDA:1125,257,2,0
BRDA:1128,258,0,0
BRDA:1128,258,1,0
BRDA:1128,258,2,0
BRDA:1128,258,3,0
BRDA:1128,258,4,0
BRDA:1128,258,5,0
BRDA:1128,258,6,0
BRDA:1136,259,0,0
BRDA:1136,259,1,0
BRDA:1136,260,0,0
BRDA:1136,260,1,0
BRDA:1138,261,0,0
BRDA:1138,261,1,0
BRDA:1140,262,0,0
BRDA:1140,262,1,0
BRDA:1149,263,0,0
BRDA:1149,263,1,0
BRDA:1150,264,0,0
BRDA:1150,264,1,0
BRDA:1151,265,0,0
BRDA:1151,265,1,0
BRDA:1153,266,0,0
BRDA:1153,266,1,0
BRDA:1156,267,0,0
BRDA:1156,267,1,0
BRDA:1160,268,0,0
BRDA:1160,268,1,0
BRDA:1160,269,0,0
BRDA:1160,269,1,0
BRDA:1164,270,0,0
BRDA:1164,270,1,0
BRDA:1165,271,0,0
BRDA:1165,271,1,0
BRDA:1175,272,0,0
BRDA:1175,272,1,0
BRDA:1178,273,0,0
BRDA:1178,273,1,0
BRDA:1191,274,0,0
BRDA:1191,274,1,0
BRF:596
BRH:17
end_of_record
TN:
SF:src/modules/order-processing/link-validation.service.ts
FN:2,(anonymous_0)
FN:14,(anonymous_1)
FN:20,(anonymous_2)
FN:68,(anonymous_3)
FN:89,(anonymous_4)
FN:104,(anonymous_5)
FN:119,(anonymous_6)
FNF:7
FNH:1
FNDA:1,(anonymous_0)
FNDA:0,(anonymous_1)
FNDA:0,(anonymous_2)
FNDA:0,(anonymous_3)
FNDA:0,(anonymous_4)
FNDA:0,(anonymous_5)
FNDA:0,(anonymous_6)
DA:2,1
DA:3,1
DA:4,1
DA:5,0
DA:6,1
DA:9,1
DA:10,1
DA:12,1
DA:13,1
DA:15,0
DA:21,0
DA:22,0
DA:23,0
DA:29,0
DA:31,0
DA:32,0
DA:33,0
DA:39,0
DA:41,0
DA:43,0
DA:45,0
DA:47,0
DA:49,0
DA:57,0
DA:58,0
DA:69,0
DA:70,0
DA:72,0
DA:73,0
DA:75,0
DA:76,0
DA:78,0
DA:79,0
DA:81,0
DA:82,0
DA:84,0
DA:91,0
DA:106,0
DA:120,0
DA:131,1
DA:132,1
LF:41
LH:10
BRDA:2,0,0,1
BRDA:2,0,1,1
BRDA:2,0,2,1
BRDA:3,1,0,1
BRDA:3,1,1,0
BRDA:3,2,0,0
BRDA:3,2,1,0
BRDA:4,3,0,1
BRDA:4,3,1,0
BRDA:4,4,0,1
BRDA:4,4,1,1
BRDA:5,5,0,0
BRDA:5,5,1,0
BRDA:5,6,0,0
BRDA:5,6,1,0
BRDA:5,7,0,0
BRDA:5,7,1,0
BRDA:5,8,0,0
BRDA:5,8,1,0
BRDA:6,9,0,1
BRDA:6,9,1,0
BRDA:6,9,2,0
BRDA:22,10,0,0
BRDA:22,10,1,0
BRDA:22,11,0,0
BRDA:22,11,1,0
BRDA:32,12,0,0
BRDA:32,12,1,0
BRDA:41,13,0,0
BRDA:41,13,1,0
BRDA:41,13,2,0
BRDA:41,13,3,0
BRDA:69,14,0,0
BRDA:69,14,1,0
BRDA:69,15,0,0
BRDA:69,15,1,0
BRDA:72,16,0,0
BRDA:72,16,1,0
BRDA:72,17,0,0
BRDA:72,17,1,0
BRDA:75,18,0,0
BRDA:75,18,1,0
BRDA:75,19,0,0
BRDA:75,19,1,0
BRDA:78,20,0,0
BRDA:78,20,1,0
BRDA:81,21,0,0
BRDA:81,21,1,0
BRF:48
BRH:8
end_of_record
TN:
SF:src/modules/order-processing/order-processing.controller.ts
FN:2,(anonymous_0)
FN:8,(anonymous_1)
FN:11,(anonymous_2)
FN:12,(anonymous_3)
FN:22,(anonymous_4)
FN:26,(anonymous_5)
FN:29,(anonymous_6)
FN:59,(anonymous_7)
FN:76,(anonymous_8)
FN:96,(anonymous_9)
FN:123,(anonymous_10)
FN:149,(anonymous_11)
FN:171,(anonymous_12)
FN:193,(anonymous_13)
FN:215,(anonymous_14)
FN:236,(anonymous_15)
FN:254,(anonymous_16)
FN:270,(anonymous_17)
FN:288,(anonymous_18)
FN:324,(anonymous_19)
FNF:20
FNH:6
FNDA:13,(anonymous_0)
FNDA:37,(anonymous_1)
FNDA:37,(anonymous_2)
FNDA:37,(anonymous_3)
FNDA:3,(anonymous_4)
FNDA:0,(anonymous_5)
FNDA:3,(anonymous_6)
FNDA:0,(anonymous_7)
FNDA:0,(anonymous_8)
FNDA:0,(anonymous_9)
FNDA:0,(anonymous_10)
FNDA:0,(anonymous_11)
FNDA:0,(anonymous_12)
FNDA:0,(anonymous_13)
FNDA:0,(anonymous_14)
FNDA:0,(anonymous_15)
FNDA:0,(anonymous_16)
FNDA:0,(anonymous_17)
FNDA:0,(anonymous_18)
FNDA:0,(anonymous_19)
DA:2,1
DA:3,13
DA:4,13
DA:5,0
DA:6,13
DA:8,1
DA:9,37
DA:11,1
DA:12,37
DA:14,1
DA:15,1
DA:17,1
DA:18,1
DA:19,1
DA:20,1
DA:21,1
DA:23,3
DA:24,3
DA:27,0
DA:30,3
DA:32,3
DA:33,0
DA:35,3
DA:36,3
DA:37,2
DA:38,2
DA:39,2
DA:43,2
DA:44,2
DA:45,1
DA:47,1
DA:48,1
DA:52,1
DA:53,1
DA:54,1
DA:56,2
DA:57,1
DA:60,0
DA:61,0
DA:65,0
DA:66,0
DA:67,0
DA:69,0
DA:70,0
DA:77,0
DA:78,0
DA:79,0
DA:80,0
DA:87,0
DA:88,0
DA:89,0
DA:90,0
DA:97,0
DA:98,0
DA:99,0
DA:100,0
DA:107,0
DA:108,0
DA:109,0
DA:110,0
DA:124,0
DA:125,0
DA:126,0
DA:132,0
DA:139,0
DA:140,0
DA:141,0
DA:142,0
DA:150,0
DA:151,0
DA:152,0
DA:153,0
DA:154,0
DA:161,0
DA:162,0
DA:163,0
DA:164,0
DA:172,0
DA:173,0
DA:174,0
DA:175,0
DA:176,0
DA:183,0
DA:184,0
DA:185,0
DA:186,0
DA:194,0
DA:195,0
DA:196,0
DA:197,0
DA:198,0
DA:205,0
DA:206,0
DA:207,0
DA:208,0
DA:216,0
DA:217,0
DA:218,0
DA:219,0
DA:220,0
DA:221,0
DA:222,0
DA:229,0
DA:230,0
DA:231,0
DA:232,0
DA:233,0
DA:237,0
DA:238,0
DA:239,0
DA:240,0
DA:241,0
DA:248,0
DA:249,0
DA:250,0
DA:251,0
DA:255,0
DA:256,0
DA:257,0
DA:264,0
DA:265,0
DA:266,0
DA:267,0
DA:271,0
DA:272,0
DA:273,0
DA:274,0
DA:275,0
DA:282,0
DA:283,0
DA:284,0
DA:285,0
DA:289,0
DA:290,0
DA:291,0
DA:292,0
DA:293,0
DA:294,0
DA:300,0
DA:301,0
DA:307,0
DA:314,0
DA:315,0
DA:316,0
DA:317,0
DA:325,0
DA:326,0
DA:327,0
DA:328,0
DA:329,0
DA:336,0
DA:337,0
DA:338,0
DA:339,0
DA:343,1
DA:344,1
DA:353,1
DA:363,1
DA:371,1
DA:380,1
DA:389,1
DA:398,1
DA:406,1
DA:416,1
DA:424,1
DA:434,1
DA:442,1
DA:451,1
LF:168
LH:48
BRDA:2,0,0,1
BRDA:2,0,1,1
BRDA:2,0,2,1
BRDA:3,1,0,1
BRDA:3,1,1,12
BRDA:3,2,0,12
BRDA:3,2,1,0
BRDA:4,3,0,13
BRDA:4,3,1,0
BRDA:4,4,0,13
BRDA:4,4,1,13
BRDA:5,5,0,0
BRDA:5,5,1,0
BRDA:5,6,0,0
BRDA:5,6,1,0
BRDA:5,7,0,0
BRDA:5,7,1,0
BRDA:5,8,0,0
BRDA:5,8,1,0
BRDA:6,9,0,13
BRDA:6,9,1,12
BRDA:6,9,2,12
BRDA:8,10,0,1
BRDA:8,10,1,1
BRDA:8,10,2,1
BRDA:9,11,0,37
BRDA:9,11,1,0
BRDA:9,12,0,37
BRDA:9,12,1,37
BRDA:11,13,0,1
BRDA:11,13,1,1
BRDA:11,13,2,1
BRDA:30,14,0,3
BRDA:30,14,1,0
BRDA:32,15,0,0
BRDA:32,15,1,3
BRDA:35,16,0,3
BRDA:35,16,1,3
BRDA:36,17,0,2
BRDA:36,17,1,1
BRDA:37,18,0,2
BRDA:37,18,1,2
BRDA:37,18,2,0
BRDA:43,19,0,2
BRDA:43,19,1,2
BRDA:44,20,0,1
BRDA:44,20,1,1
BRDA:47,21,0,1
BRDA:47,21,1,1
BRDA:47,21,2,0
BRDA:47,21,3,0
BRDA:66,22,0,0
BRDA:66,22,1,0
BRDA:69,23,0,0
BRDA:69,23,1,0
BRDA:83,24,0,0
BRDA:83,24,1,0
BRDA:88,25,0,0
BRDA:88,25,1,0
BRDA:90,26,0,0
BRDA:90,26,1,0
BRDA:103,27,0,0
BRDA:103,27,1,0
BRDA:108,28,0,0
BRDA:108,28,1,0
BRDA:111,29,0,0
BRDA:111,29,1,0
BRDA:115,30,0,0
BRDA:115,30,1,0
BRDA:140,31,0,0
BRDA:140,31,1,0
BRDA:142,32,0,0
BRDA:142,32,1,0
BRDA:157,33,0,0
BRDA:157,33,1,0
BRDA:162,34,0,0
BRDA:162,34,1,0
BRDA:164,35,0,0
BRDA:164,35,1,0
BRDA:179,36,0,0
BRDA:179,36,1,0
BRDA:184,37,0,0
BRDA:184,37,1,0
BRDA:186,38,0,0
BRDA:186,38,1,0
BRDA:197,39,0,0
BRDA:197,39,1,0
BRDA:201,40,0,0
BRDA:201,40,1,0
BRDA:206,41,0,0
BRDA:206,41,1,0
BRDA:208,42,0,0
BRDA:208,42,1,0
BRDA:225,43,0,0
BRDA:225,43,1,0
BRDA:231,44,0,0
BRDA:231,44,1,0
BRDA:233,45,0,0
BRDA:233,45,1,0
BRDA:244,46,0,0
BRDA:244,46,1,0
BRDA:249,47,0,0
BRDA:249,47,1,0
BRDA:251,48,0,0
BRDA:251,48,1,0
BRDA:254,49,0,0
BRDA:254,50,0,0
BRDA:256,51,0,0
BRDA:256,51,1,0
BRDA:265,52,0,0
BRDA:265,52,1,0
BRDA:267,53,0,0
BRDA:267,53,1,0
BRDA:278,54,0,0
BRDA:278,54,1,0
BRDA:283,55,0,0
BRDA:283,55,1,0
BRDA:285,56,0,0
BRDA:285,56,1,0
BRDA:293,57,0,0
BRDA:293,57,1,0
BRDA:300,58,0,0
BRDA:300,58,1,0
BRDA:304,59,0,0
BRDA:304,59,1,0
BRDA:315,60,0,0
BRDA:315,60,1,0
BRDA:317,61,0,0
BRDA:317,61,1,0
BRDA:328,62,0,0
BRDA:328,62,1,0
BRDA:332,63,0,0
BRDA:332,63,1,0
BRDA:337,64,0,0
BRDA:337,64,1,0
BRDA:339,65,0,0
BRDA:339,65,1,0
BRF:137
BRH:35
end_of_record
TN:
SF:src/modules/order-processing/order-processing.service.ts
FN:2,(anonymous_0)
FN:8,(anonymous_1)
FN:11,(anonymous_2)
FN:12,(anonymous_3)
FN:29,(anonymous_4)
FN:58,(anonymous_5)
FN:80,(anonymous_6)
FN:88,(anonymous_7)
FN:136,(anonymous_8)
FN:150,(anonymous_9)
FN:177,(anonymous_10)
FN:181,(anonymous_11)
FN:183,(anonymous_12)
FN:194,(anonymous_13)
FN:211,(anonymous_14)
FN:221,(anonymous_15)
FN:225,(anonymous_16)
FN:246,(anonymous_17)
FN:261,(anonymous_18)
FN:265,(anonymous_19)
FN:272,(anonymous_20)
FN:279,(anonymous_21)
FN:286,(anonymous_22)
FN:289,(anonymous_23)
FN:302,(anonymous_24)
FN:307,(anonymous_25)
FN:317,(anonymous_26)
FN:326,(anonymous_27)
FN:336,(anonymous_28)
FN:390,(anonymous_29)
FN:398,(anonymous_30)
FN:444,(anonymous_31)
FN:452,(anonymous_32)
FN:469,(anonymous_33)
FN:475,(anonymous_34)
FN:477,(anonymous_35)
FN:513,(anonymous_36)
FN:529,(anonymous_37)
FN:530,(anonymous_38)
FN:531,(anonymous_39)
FN:532,(anonymous_40)
FN:540,(anonymous_41)
FN:583,(anonymous_42)
FN:596,(anonymous_43)
FN:611,(anonymous_44)
FN:637,(anonymous_45)
FN:655,(anonymous_46)
FN:708,(anonymous_47)
FN:742,(anonymous_48)
FN:755,(anonymous_49)
FN:801,(anonymous_50)
FN:804,(anonymous_51)
FN:809,(anonymous_52)
FN:831,(anonymous_53)
FNF:54
FNH:4
FNDA:2,(anonymous_0)
FNDA:4,(anonymous_1)
FNDA:1,(anonymous_2)
FNDA:1,(anonymous_3)
FNDA:0,(anonymous_4)
FNDA:0,(anonymous_5)
FNDA:0,(anonymous_6)
FNDA:0,(anonymous_7)
FNDA:0,(anonymous_8)
FNDA:0,(anonymous_9)
FNDA:0,(anonymous_10)
FNDA:0,(anonymous_11)
FNDA:0,(anonymous_12)
FNDA:0,(anonymous_13)
FNDA:0,(anonymous_14)
FNDA:0,(anonymous_15)
FNDA:0,(anonymous_16)
FNDA:0,(anonymous_17)
FNDA:0,(anonymous_18)
FNDA:0,(anonymous_19)
FNDA:0,(anonymous_20)
FNDA:0,(anonymous_21)
FNDA:0,(anonymous_22)
FNDA:0,(anonymous_23)
FNDA:0,(anonymous_24)
FNDA:0,(anonymous_25)
FNDA:0,(anonymous_26)
FNDA:0,(anonymous_27)
FNDA:0,(anonymous_28)
FNDA:0,(anonymous_29)
FNDA:0,(anonymous_30)
FNDA:0,(anonymous_31)
FNDA:0,(anonymous_32)
FNDA:0,(anonymous_33)
FNDA:0,(anonymous_34)
FNDA:0,(anonymous_35)
FNDA:0,(anonymous_36)
FNDA:0,(anonymous_37)
FNDA:0,(anonymous_38)
FNDA:0,(anonymous_39)
FNDA:0,(anonymous_40)
FNDA:0,(anonymous_41)
FNDA:0,(anonymous_42)
FNDA:0,(anonymous_43)
FNDA:0,(anonymous_44)
FNDA:0,(anonymous_45)
FNDA:0,(anonymous_46)
FNDA:0,(anonymous_47)
FNDA:0,(anonymous_48)
FNDA:0,(anonymous_49)
FNDA:0,(anonymous_50)
FNDA:0,(anonymous_51)
FNDA:0,(anonymous_52)
FNDA:0,(anonymous_53)
DA:2,1
DA:3,2
DA:4,2
DA:5,0
DA:6,2
DA:8,1
DA:9,4
DA:11,1
DA:12,1
DA:15,1
DA:16,1
DA:17,1
DA:18,1
DA:19,1
DA:20,1
DA:21,1
DA:22,1
DA:23,1
DA:24,1
DA:25,1
DA:26,1
DA:27,1
DA:28,1
DA:30,0
DA:31,0
DA:32,0
DA:33,0
DA:34,0
DA:55,0
DA:56,0
DA:59,0
DA:60,0
DA:61,0
DA:62,0
DA:78,0
DA:81,0
DA:82,0
DA:83,0
DA:84,0
DA:85,0
DA:86,0
DA:89,0
DA:90,0
DA:91,0
DA:92,0
DA:93,0
DA:94,0
DA:95,0
DA:96,0
DA:97,0
DA:98,0
DA:99,0
DA:100,0
DA:102,0
DA:103,0
DA:104,0
DA:105,0
DA:106,0
DA:107,0
DA:108,0
DA:117,0
DA:118,0
DA:119,0
DA:132,0
DA:134,0
DA:137,0
DA:138,0
DA:139,0
DA:140,0
DA:141,0
DA:148,0
DA:151,0
DA:152,0
DA:153,0
DA:154,0
DA:155,0
DA:156,0
DA:157,0
DA:160,0
DA:161,0
DA:162,0
DA:163,0
DA:164,0
DA:173,0
DA:175,0
DA:178,0
DA:179,0
DA:182,0
DA:183,0
DA:184,0
DA:185,0
DA:186,0
DA:187,0
DA:191,0
DA:195,0
DA:196,0
DA:197,0
DA:198,0
DA:199,0
DA:200,0
DA:201,0
DA:202,0
DA:203,0
DA:204,0
DA:205,0
DA:206,0
DA:207,0
DA:209,0
DA:212,0
DA:213,0
DA:215,0
DA:216,0
DA:220,0
DA:221,0
DA:223,0
DA:226,0
DA:227,0
DA:228,0
DA:229,0
DA:230,0
DA:231,0
DA:232,0
DA:233,0
DA:237,0
DA:238,0
DA:239,0
DA:241,0
DA:244,0
DA:247,0
DA:248,0
DA:249,0
DA:250,0
DA:251,0
DA:252,0
DA:253,0
DA:256,0
DA:259,0
DA:262,0
DA:263,0
DA:264,0
DA:265,0
DA:266,0
DA:268,0
DA:269,0
DA:270,0
DA:271,0
DA:272,0
DA:273,0
DA:277,0
DA:279,0
DA:281,0
DA:284,0
DA:287,0
DA:288,0
DA:289,0
DA:290,0
DA:291,0
DA:292,0
DA:294,0
DA:295,0
DA:296,0
DA:297,0
DA:300,0
DA:303,0
DA:304,0
DA:305,0
DA:308,0
DA:309,0
DA:315,0
DA:318,0
DA:319,0
DA:320,0
DA:321,0
DA:322,0
DA:324,0
DA:327,0
DA:328,0
DA:329,0
DA:330,0
DA:331,0
DA:332,0
DA:333,0
DA:334,0
DA:335,0
DA:336,0
DA:337,0
DA:338,0
DA:339,0
DA:340,0
DA:341,0
DA:342,0
DA:344,0
DA:345,0
DA:346,0
DA:347,0
DA:348,0
DA:349,0
DA:350,0
DA:351,0
DA:352,0
DA:353,0
DA:358,0
DA:391,0
DA:392,0
DA:393,0
DA:394,0
DA:395,0
DA:396,0
DA:397,0
DA:398,0
DA:399,0
DA:400,0
DA:401,0
DA:402,0
DA:403,0
DA:404,0
DA:406,0
DA:407,0
DA:408,0
DA:409,0
DA:410,0
DA:411,0
DA:412,0
DA:413,0
DA:414,0
DA:415,0
DA:420,0
DA:445,0
DA:446,0
DA:447,0
DA:449,0
DA:450,0
DA:451,0
DA:452,0
DA:453,0
DA:454,0
DA:455,0
DA:456,0
DA:458,0
DA:459,0
DA:460,0
DA:462,0
DA:463,0
DA:464,0
DA:465,0
DA:467,0
DA:470,0
DA:471,0
DA:472,0
DA:473,0
DA:476,0
DA:477,0
DA:478,0
DA:479,0
DA:491,0
DA:506,0
DA:507,0
DA:510,0
DA:514,0
DA:515,0
DA:516,0
DA:517,0
DA:518,0
DA:529,0
DA:530,0
DA:531,0
DA:532,0
DA:533,0
DA:534,0
DA:535,0
DA:536,0
DA:537,0
DA:538,0
DA:541,0
DA:543,0
DA:544,0
DA:545,0
DA:546,0
DA:547,0
DA:548,0
DA:549,0
DA:550,0
DA:551,0
DA:552,0
DA:553,0
DA:554,0
DA:555,0
DA:556,0
DA:559,0
DA:560,0
DA:561,0
DA:562,0
DA:563,0
DA:567,0
DA:570,0
DA:571,0
DA:572,0
DA:573,0
DA:574,0
DA:575,0
DA:576,0
DA:580,0
DA:581,0
DA:584,0
DA:588,0
DA:589,0
DA:590,0
DA:591,0
DA:592,0
DA:593,0
DA:594,0
DA:597,0
DA:598,0
DA:599,0
DA:600,0
DA:601,0
DA:602,0
DA:603,0
DA:604,0
DA:609,0
DA:610,0
DA:611,0
DA:612,0
DA:616,0
DA:618,0
DA:625,0
DA:629,0
DA:630,0
DA:631,0
DA:632,0
DA:633,0
DA:634,0
DA:635,0
DA:638,0
DA:639,0
DA:640,0
DA:641,0
DA:642,0
DA:643,0
DA:647,0
DA:648,0
DA:649,0
DA:650,0
DA:651,0
DA:652,0
DA:653,0
DA:656,0
DA:657,0
DA:658,0
DA:659,0
DA:660,0
DA:661,0
DA:662,0
DA:663,0
DA:664,0
DA:669,0
DA:670,0
DA:671,0
DA:672,0
DA:673,0
DA:674,0
DA:675,0
DA:678,0
DA:679,0
DA:681,0
DA:682,0
DA:683,0
DA:684,0
DA:685,0
DA:688,0
DA:689,0
DA:690,0
DA:700,0
DA:703,0
DA:704,0
DA:706,0
DA:709,0
DA:710,0
DA:711,0
DA:712,0
DA:713,0
DA:714,0
DA:715,0
DA:717,0
DA:720,0
DA:721,0
DA:722,0
DA:723,0
DA:724,0
DA:725,0
DA:726,0
DA:727,0
DA:728,0
DA:730,0
DA:731,0
DA:732,0
DA:733,0
DA:734,0
DA:735,0
DA:736,0
DA:739,0
DA:740,0
DA:743,0
DA:744,0
DA:745,0
DA:746,0
DA:749,0
DA:756,0
DA:757,0
DA:758,0
DA:759,0
DA:760,0
DA:761,0
DA:765,0
DA:766,0
DA:767,0
DA:768,0
DA:769,0
DA:770,0
DA:771,0
DA:772,0
DA:773,0
DA:774,0
DA:775,0
DA:776,0
DA:777,0
DA:778,0
DA:779,0
DA:788,0
DA:791,0
DA:795,0
DA:796,0
DA:802,0
DA:803,0
DA:804,0
DA:810,0
DA:811,0
DA:812,0
DA:813,0
DA:814,0
DA:815,0
DA:816,0
DA:817,0
DA:819,0
DA:822,1
DA:823,1
DA:829,1
DA:831,0
LF:448
LH:25
BRDA:2,0,0,1
BRDA:2,0,1,1
BRDA:2,0,2,1
BRDA:3,1,0,1
BRDA:3,1,1,1
BRDA:3,2,0,1
BRDA:3,2,1,0
BRDA:4,3,0,2
BRDA:4,3,1,0
BRDA:4,4,0,2
BRDA:4,4,1,2
BRDA:5,5,0,0
BRDA:5,5,1,0
BRDA:5,6,0,0
BRDA:5,6,1,0
BRDA:5,7,0,0
BRDA:5,7,1,0
BRDA:5,8,0,0
BRDA:5,8,1,0
BRDA:6,9,0,2
BRDA:6,9,1,1
BRDA:6,9,2,1
BRDA:8,10,0,1
BRDA:8,10,1,1
BRDA:8,10,2,1
BRDA:9,11,0,4
BRDA:9,11,1,0
BRDA:9,12,0,4
BRDA:9,12,1,4
BRDA:11,13,0,1
BRDA:11,13,1,1
BRDA:11,13,2,1
BRDA:59,14,0,0
BRDA:59,14,1,0
BRDA:81,15,0,0
BRDA:81,15,1,0
BRDA:86,16,0,0
BRDA:86,16,1,0
BRDA:90,17,0,0
BRDA:90,17,1,0
BRDA:94,18,0,0
BRDA:94,18,1,0
BRDA:99,19,0,0
BRDA:99,19,1,0
BRDA:99,20,0,0
BRDA:99,20,1,0
BRDA:103,21,0,0
BRDA:103,21,1,0
BRDA:104,22,0,0
BRDA:104,22,1,0
BRDA:104,22,2,0
BRDA:105,23,0,0
BRDA:105,23,1,0
BRDA:113,24,0,0
BRDA:113,24,1,0
BRDA:114,25,0,0
BRDA:114,25,1,0
BRDA:114,26,0,0
BRDA:114,26,1,0
BRDA:115,27,0,0
BRDA:115,27,1,0
BRDA:118,28,0,0
BRDA:118,28,1,0
BRDA:136,29,0,0
BRDA:136,30,0,0
BRDA:139,31,0,0
BRDA:139,31,1,0
BRDA:140,32,0,0
BRDA:140,32,1,0
BRDA:148,33,0,0
BRDA:148,33,1,0
BRDA:148,34,0,0
BRDA:148,34,1,0
BRDA:155,35,0,0
BRDA:155,35,1,0
BRDA:159,36,0,0
BRDA:159,36,1,0
BRDA:159,37,0,0
BRDA:159,37,1,0
BRDA:159,38,0,0
BRDA:159,38,1,0
BRDA:159,39,0,0
BRDA:159,39,1,0
BRDA:162,40,0,0
BRDA:162,40,1,0
BRDA:163,41,0,0
BRDA:163,41,1,0
BRDA:178,42,0,0
BRDA:178,42,1,0
BRDA:179,43,0,0
BRDA:179,43,1,0
BRDA:185,44,0,0
BRDA:185,44,1,0
BRDA:188,45,0,0
BRDA:188,45,1,0
BRDA:189,46,0,0
BRDA:189,46,1,0
BRDA:189,47,0,0
BRDA:189,47,1,0
BRDA:195,48,0,0
BRDA:195,48,1,0
BRDA:196,49,0,0
BRDA:196,49,1,0
BRDA:198,50,0,0
BRDA:198,50,1,0
BRDA:200,51,0,0
BRDA:200,51,1,0
BRDA:202,52,0,0
BRDA:202,52,1,0
BRDA:204,53,0,0
BRDA:204,53,1,0
BRDA:206,54,0,0
BRDA:206,54,1,0
BRDA:212,55,0,0
BRDA:212,55,1,0
BRDA:220,56,0,0
BRDA:220,56,1,0
BRDA:221,57,0,0
BRDA:221,57,1,0
BRDA:221,57,2,0
BRDA:221,57,3,0
BRDA:226,58,0,0
BRDA:226,58,1,0
BRDA:228,59,0,0
BRDA:228,59,1,0
BRDA:230,60,0,0
BRDA:230,60,1,0
BRDA:233,61,0,0
BRDA:233,61,1,0
BRDA:238,62,0,0
BRDA:238,62,1,0
BRDA:238,63,0,0
BRDA:238,63,1,0
BRDA:247,64,0,0
BRDA:247,64,1,0
BRDA:249,65,0,0
BRDA:249,65,1,0
BRDA:251,66,0,0
BRDA:251,66,1,0
BRDA:262,67,0,0
BRDA:262,67,1,0
BRDA:264,68,0,0
BRDA:264,68,1,0
BRDA:265,69,0,0
BRDA:265,69,1,0
BRDA:268,70,0,0
BRDA:268,70,1,0
BRDA:271,71,0,0
BRDA:271,71,1,0
BRDA:272,72,0,0
BRDA:272,72,1,0
BRDA:287,73,0,0
BRDA:287,73,1,0
BRDA:289,74,0,0
BRDA:289,74,1,0
BRDA:290,75,0,0
BRDA:290,75,1,0
BRDA:295,76,0,0
BRDA:295,76,1,0
BRDA:295,77,0,0
BRDA:295,77,1,0
BRDA:296,78,0,0
BRDA:296,78,1,0
BRDA:297,79,0,0
BRDA:297,79,1,0
BRDA:305,80,0,0
BRDA:305,80,1,0
BRDA:315,81,0,0
BRDA:315,81,1,0
BRDA:318,82,0,0
BRDA:318,82,1,0
BRDA:321,83,0,0
BRDA:321,83,1,0
BRDA:328,84,0,0
BRDA:328,84,1,0
BRDA:329,85,0,0
BRDA:329,85,1,0
BRDA:330,86,0,0
BRDA:330,86,1,0
BRDA:333,87,0,0
BRDA:333,87,1,0
BRDA:334,88,0,0
BRDA:334,88,1,0
BRDA:337,89,0,0
BRDA:337,89,1,0
BRDA:339,90,0,0
BRDA:339,90,1,0
BRDA:342,91,0,0
BRDA:342,91,1,0
BRDA:344,92,0,0
BRDA:344,92,1,0
BRDA:344,92,2,0
BRDA:345,93,0,0
BRDA:345,93,1,0
BRDA:345,93,2,0
BRDA:346,94,0,0
BRDA:346,94,1,0
BRDA:346,94,2,0
BRDA:348,95,0,0
BRDA:348,95,1,0
BRDA:349,96,0,0
BRDA:349,96,1,0
BRDA:349,96,2,0
BRDA:349,96,3,0
BRDA:349,96,4,0
BRDA:350,97,0,0
BRDA:350,97,1,0
BRDA:351,98,0,0
BRDA:351,98,1,0
BRDA:352,99,0,0
BRDA:352,99,1,0
BRDA:352,100,0,0
BRDA:352,100,1,0
BRDA:355,101,0,0
BRDA:355,101,1,0
BRDA:365,102,0,0
BRDA:365,102,1,0
BRDA:369,103,0,0
BRDA:369,103,1,0
BRDA:370,104,0,0
BRDA:370,104,1,0
BRDA:391,105,0,0
BRDA:391,105,1,0
BRDA:392,106,0,0
BRDA:392,106,1,0
BRDA:395,107,0,0
BRDA:395,107,1,0
BRDA:396,108,0,0
BRDA:396,108,1,0
BRDA:399,109,0,0
BRDA:399,109,1,0
BRDA:401,110,0,0
BRDA:401,110,1,0
BRDA:404,111,0,0
BRDA:404,111,1,0
BRDA:406,112,0,0
BRDA:406,112,1,0
BRDA:406,112,2,0
BRDA:407,113,0,0
BRDA:407,113,1,0
BRDA:407,113,2,0
BRDA:408,114,0,0
BRDA:408,114,1,0
BRDA:408,114,2,0
BRDA:410,115,0,0
BRDA:410,115,1,0
BRDA:411,116,0,0
BRDA:411,116,1,0
BRDA:411,116,2,0
BRDA:411,116,3,0
BRDA:411,116,4,0
BRDA:412,117,0,0
BRDA:412,117,1,0
BRDA:413,118,0,0
BRDA:413,118,1,0
BRDA:414,119,0,0
BRDA:414,119,1,0
BRDA:414,120,0,0
BRDA:414,120,1,0
BRDA:417,121,0,0
BRDA:417,121,1,0
BRDA:427,122,0,0
BRDA:427,122,1,0
BRDA:446,123,0,0
BRDA:446,123,1,0
BRDA:453,124,0,0
BRDA:453,124,1,0
BRDA:458,125,0,0
BRDA:458,125,1,0
BRDA:462,126,0,0
BRDA:462,126,1,0
BRDA:471,127,0,0
BRDA:471,127,1,0
BRDA:473,128,0,0
BRDA:473,128,1,0
BRDA:506,129,0,0
BRDA:506,129,1,0
BRDA:522,130,0,0
BRDA:522,130,1,0
BRDA:525,131,0,0
BRDA:525,131,1,0
BRDA:535,132,0,0
BRDA:535,132,1,0
BRDA:541,133,0,0
BRDA:541,133,1,0
BRDA:545,134,0,0
BRDA:545,134,1,0
BRDA:547,135,0,0
BRDA:547,135,1,0
BRDA:548,136,0,0
BRDA:548,136,1,0
BRDA:549,137,0,0
BRDA:549,137,1,0
BRDA:551,138,0,0
BRDA:551,138,1,0
BRDA:552,139,0,0
BRDA:552,139,1,0
BRDA:553,140,0,0
BRDA:553,140,1,0
BRDA:559,141,0,0
BRDA:559,141,1,0
BRDA:560,142,0,0
BRDA:560,142,1,0
BRDA:570,143,0,0
BRDA:570,143,1,0
BRDA:570,143,2,0
BRDA:571,144,0,0
BRDA:571,144,1,0
BRDA:572,145,0,0
BRDA:572,145,1,0
BRDA:574,146,0,0
BRDA:574,146,1,0
BRDA:585,147,0,0
BRDA:585,147,1,0
BRDA:588,148,0,0
BRDA:588,148,1,0
BRDA:598,149,0,0
BRDA:598,149,1,0
BRDA:602,150,0,0
BRDA:602,150,1,0
BRDA:604,151,0,0
BRDA:604,151,1,0
BRDA:606,152,0,0
BRDA:606,152,1,0
BRDA:608,153,0,0
BRDA:608,153,1,0
BRDA:629,154,0,0
BRDA:629,154,1,0
BRDA:639,155,0,0
BRDA:639,155,1,0
BRDA:641,156,0,0
BRDA:641,156,1,0
BRDA:642,157,0,0
BRDA:642,157,1,0
BRDA:647,158,0,0
BRDA:647,158,1,0
BRDA:657,159,0,0
BRDA:657,159,1,0
BRDA:660,160,0,0
BRDA:660,160,1,0
BRDA:662,161,0,0
BRDA:662,161,1,0
BRDA:663,162,0,0
BRDA:663,162,1,0
BRDA:663,163,0,0
BRDA:663,163,1,0
BRDA:670,164,0,0
BRDA:670,164,1,0
BRDA:671,165,0,0
BRDA:671,165,1,0
BRDA:681,166,0,0
BRDA:681,166,1,0
BRDA:682,167,0,0
BRDA:682,167,1,0
BRDA:685,168,0,0
BRDA:685,168,1,0
BRDA:710,169,0,0
BRDA:710,169,1,0
BRDA:714,170,0,0
BRDA:714,170,1,0
BRDA:720,171,0,0
BRDA:720,171,1,0
BRDA:726,172,0,0
BRDA:726,172,1,0
BRDA:726,173,0,0
BRDA:726,173,1,0
BRDA:731,174,0,0
BRDA:731,174,1,0
BRDA:731,175,0,0
BRDA:731,175,1,0
BRDA:731,175,2,0
BRDA:733,176,0,0
BRDA:733,176,1,0
BRDA:734,177,0,0
BRDA:734,177,1,0
BRDA:735,178,0,0
BRDA:735,178,1,0
BRDA:743,179,0,0
BRDA:743,179,1,0
BRDA:757,180,0,0
BRDA:757,180,1,0
BRDA:759,181,0,0
BRDA:759,181,1,0
BRDA:760,182,0,0
BRDA:760,182,1,0
BRDA:765,183,0,0
BRDA:765,183,1,0
BRDA:771,184,0,0
BRDA:771,184,1,0
BRDA:771,185,0,0
BRDA:771,185,1,0
BRDA:772,186,0,0
BRDA:772,186,1,0
BRDA:776,187,0,0
BRDA:776,187,1,0
BRDA:783,188,0,0
BRDA:783,188,1,0
BRDA:784,189,0,0
BRDA:784,189,1,0
BRDA:785,190,0,0
BRDA:785,190,1,0
BRDA:812,191,0,0
BRDA:812,191,1,0
BRDA:815,192,0,0
BRDA:815,192,1,0
BRDA:816,193,0,0
BRDA:816,193,1,0
BRF:407
BRH:21
end_of_record
